<?xml version="1.0" encoding="UTF-8"?>
<coverage generated="1759753778421" clover="3.2.0">
  <project timestamp="1759753778421" name="All files">
    <metrics statements="10" coveredstatements="1" conditionals="0" coveredconditionals="0" methods="5" coveredmethods="1" elements="15" coveredelements="2" complexity="0" loc="10" ncloc="10" packages="2" files="4" classes="4"/>
    <package name="src">
      <metrics statements="9" coveredstatements="1" conditionals="0" coveredconditionals="0" methods="4" coveredmethods="1"/>
      <file name="counter.js" path="/Users/alviahhairiza/Downloads/FARDEN/3-Learning-Vite-Vitest/src/counter.js">
        <metrics statements="6" coveredstatements="0" conditionals="0" coveredconditionals="0" methods="3" coveredmethods="0"/>
        <line num="2" count="0" type="stmt"/>
        <line num="3" count="0" type="stmt"/>
        <line num="4" count="0" type="stmt"/>
        <line num="5" count="0" type="stmt"/>
        <line num="7" count="0" type="stmt"/>
        <line num="8" count="0" type="stmt"/>
      </file>
      <file name="main.js" path="/Users/alviahhairiza/Downloads/FARDEN/3-Learning-Vite-Vitest/src/main.js">
        <metrics statements="2" coveredstatements="0" conditionals="0" coveredconditionals="0" methods="0" coveredmethods="0"/>
        <line num="6" count="0" type="stmt"/>
        <line num="24" count="0" type="stmt"/>
      </file>
      <file name="say-hello.ts" path="/Users/alviahhairiza/Downloads/FARDEN/3-Learning-Vite-Vitest/src/say-hello.ts">
        <metrics statements="1" coveredstatements="1" conditionals="0" coveredconditionals="0" methods="1" coveredmethods="1"/>
        <line num="2" count="1" type="stmt"/>
      </file>
    </package>
    <package name="utils">
      <metrics statements="1" coveredstatements="0" conditionals="0" coveredconditionals="0" methods="1" coveredmethods="0"/>
      <file name="utils.ts" path="/Users/alviahhairiza/Downloads/FARDEN/3-Learning-Vite-Vitest/utils/utils.ts">
        <metrics statements="1" coveredstatements="0" conditionals="0" coveredconditionals="0" methods="1" coveredmethods="0"/>
        <line num="2" count="0" type="stmt"/>
      </file>
    </package>
  </project>
</coverage>
